# JRE version: OpenJDK Runtime Environment Temurin-21.0.10+7 (21.0.10+7) (build 21.0.10+7-LTS)
# Java VM: OpenJDK 64-Bit Server VM Temurin-21.0.10+7 (21.0.10+7-LTS, mixed mode, sharing, tiered, compressed oops, compressed class ptrs, parallel gc, windows-amd64)
GC Precious Log:
 CardTable entry size: 512
 CPUs: 8 total, 8 available
 Memory: 16149M
 Large Page Support: Disabled
 NUMA Support: Disabled
 Compressed Oops: Enabled (32-bit)
 Alignments: Space 512K, Generation 512K, Heap 2M
 Heap Min Capacity: 100M
 Heap Initial Capacity: 100M
 Heap Max Capacity: 2G
 Pre-touch: Disabled
 Parallel Workers: 8
Heap:
 PSYoungGen      total 11776K, used 8362K [0x00000000d5580000, 0x00000000d6400000, 0x0000000100000000)
  eden space 11264K, 71% used [0x00000000d5580000,0x00000000d5d641a8,0x00000000d6080000)
  from space 512K, 55% used [0x00000000d6300000,0x00000000d6346900,0x00000000d6380000)
  to   space 512K, 0% used [0x00000000d6380000,0x00000000d6380000,0x00000000d6400000)
 ParOldGen       total 1330688K, used 513682K [0x0000000080000000, 0x00000000d1380000, 0x00000000d5580000)
  object space 1330688K, 38% used [0x0000000080000000,0x000000009f5a48f0,0x00000000d1380000)
 Metaspace       used 84432K, committed 86336K, reserved 1179648K
  class space    used 8815K, committed 9664K, reserved 1048576K
GC Heap History (20 events):
Event: 991.467 GC heap before
{Heap before GC invocations=1590 (full 4):
 PSYoungGen      total 11776K, used 10604K [0x00000000d5580000, 0x00000000d6400000, 0x0000000100000000)
  eden space 11264K, 90% used [0x00000000d5580000,0x00000000d5f75ed0,0x00000000d6080000)
  from space 512K, 79% used [0x00000000d6300000,0x00000000d6365200,0x00000000d6380000)
  to   space 512K, 0% used [0x00000000d6380000,0x00000000d6380000,0x00000000d6400000)
 ParOldGen       total 1330688K, used 481885K [0x0000000080000000, 0x00000000d1380000, 0x00000000d5580000)
  object space 1330688K, 36% used [0x0000000080000000,0x000000009d6976c0,0x00000000d1380000)
 Metaspace       used 84161K, committed 86016K, reserved 1179648K
  class space    used 8793K, committed 9664K, reserved 1048576K
}
Event: 991.469 GC heap after
{Heap after GC invocations=1590 (full 4):
 PSYoungGen      total 11776K, used 436K [0x00000000d5580000, 0x00000000d6400000, 0x0000000100000000)
  eden space 11264K, 0% used [0x00000000d5580000,0x00000000d5580000,0x00000000d6080000)
  from space 512K, 85% used [0x00000000d6380000,0x00000000d63ed200,0x00000000d6400000)
  to   space 512K, 0% used [0x00000000d6300000,0x00000000d6300000,0x00000000d6380000)
 ParOldGen       total 1330688K, used 481893K [0x0000000080000000, 0x00000000d1380000, 0x00000000d5580000)
  object space 1330688K, 36% used [0x0000000080000000,0x000000009d6996c0,0x00000000d1380000)
 Metaspace       used 84161K, committed 86016K, reserved 1179648K
  class space    used 8793K, committed 9664K, reserved 1048576K
}
Event: 991.568 GC heap before
{Heap before GC invocations=1591 (full 4):
 PSYoungGen      total 11776K, used 10335K [0x00000000d5580000, 0x00000000d6400000, 0x0000000100000000)
  eden space 11264K, 87% used [0x00000000d5580000,0x00000000d5f2adf8,0x00000000d6080000)
  from space 512K, 85% used [0x00000000d6380000,0x00000000d63ed200,0x00000000d6400000)
  to   space 512K, 0% used [0x00000000d6300000,0x00000000d6300000,0x00000000d6380000)
 ParOldGen       total 1330688K, used 481893K [0x0000000080000000, 0x00000000d1380000, 0x00000000d5580000)
  object space 1330688K, 36% used [0x0000000080000000,0x000000009d6996c0,0x00000000d1380000)
 Metaspace       used 84171K, committed 86080K, reserved 1179648K
  class space    used 8793K, committed 9664K, reserved 1048576K
}
Event: 991.572 GC heap after
{Heap after GC invocations=1591 (full 4):
 PSYoungGen      total 11776K, used 320K [0x00000000d5580000, 0x00000000d6400000, 0x0000000100000000)
  eden space 11264K, 0% used [0x00000000d5580000,0x00000000d5580000,0x00000000d6080000)
  from space 512K, 62% used [0x00000000d6300000,0x00000000d6350000,0x00000000d6380000)
  to   space 512K, 0% used [0x00000000d6380000,0x00000000d6380000,0x00000000d6400000)
 ParOldGen       total 1330688K, used 481989K [0x0000000080000000, 0x00000000d1380000, 0x00000000d5580000)
  object space 1330688K, 36% used [0x0000000080000000,0x000000009d6b16c0,0x00000000d1380000)
 Metaspace       used 84171K, committed 86080K, reserved 1179648K
  class space    used 8793K, committed 9664K, reserved 1048576K
}
Event: 991.674 GC heap before
{Heap before GC invocations=1592 (full 4):
 PSYoungGen      total 11776K, used 10446K [0x00000000d5580000, 0x00000000d6400000, 0x0000000100000000)
  eden space 11264K, 89% used [0x00000000d5580000,0x00000000d5f63a80,0x00000000d6080000)
  from space 512K, 62% used [0x00000000d6300000,0x00000000d6350000,0x00000000d6380000)
  to   space 512K, 0% used [0x00000000d6380000,0x00000000d6380000,0x00000000d6400000)
 ParOldGen       total 1330688K, used 481989K [0x0000000080000000, 0x00000000d1380000, 0x00000000d5580000)
  object space 1330688K, 36% used [0x0000000080000000,0x000000009d6b16c0,0x00000000d1380000)
 Metaspace       used 84185K, committed 86080K, reserved 1179648K
  class space    used 8793K, committed 9664K, reserved 1048576K
}
Event: 991.677 GC heap after
{Heap after GC invocations=1592 (full 4):
 PSYoungGen      total 11776K, used 410K [0x00000000d5580000, 0x00000000d6400000, 0x0000000100000000)
  eden space 11264K, 0% used [0x00000000d5580000,0x00000000d5580000,0x00000000d6080000)
  from space 512K, 80% used [0x00000000d6380000,0x00000000d63e6900,0x00000000d6400000)
  to   space 512K, 0% used [0x00000000d6300000,0x00000000d6300000,0x00000000d6380000)
 ParOldGen       total 1330688K, used 481997K [0x0000000080000000, 0x00000000d1380000, 0x00000000d5580000)
  object space 1330688K, 36% used [0x0000000080000000,0x000000009d6b36c0,0x00000000d1380000)
 Metaspace       used 84185K, committed 86080K, reserved 1179648K
  class space    used 8793K, committed 9664K, reserved 1048576K
}
Event: 991.848 GC heap before
{Heap before GC invocations=1593 (full 4):
 PSYoungGen      total 11776K, used 10461K [0x00000000d5580000, 0x00000000d6400000, 0x0000000100000000)
  eden space 11264K, 89% used [0x00000000d5580000,0x00000000d5f50b40,0x00000000d6080000)
  from space 512K, 80% used [0x00000000d6380000,0x00000000d63e6900,0x00000000d6400000)
  to   space 512K, 0% used [0x00000000d6300000,0x00000000d6300000,0x00000000d6380000)
 ParOldGen       total 1330688K, used 481997K [0x0000000080000000, 0x00000000d1380000, 0x00000000d5580000)
  object space 1330688K, 36% used [0x0000000080000000,0x000000009d6b36c0,0x00000000d1380000)
 Metaspace       used 84193K, committed 86080K, reserved 1179648K
  class space    used 8793K, committed 9664K, reserved 1048576K
}
Event: 991.851 GC heap after
{Heap after GC invocations=1593 (full 4):
 PSYoungGen      total 11776K, used 224K [0x00000000d5580000, 0x00000000d6400000, 0x0000000100000000)
  eden space 11264K, 0% used [0x00000000d5580000,0x00000000d5580000,0x00000000d6080000)
  from space 512K, 43% used [0x00000000d6300000,0x00000000d6338000,0x00000000d6380000)
  to   space 512K, 0% used [0x00000000d6380000,0x00000000d6380000,0x00000000d6400000)
 ParOldGen       total 1330688K, used 482085K [0x0000000080000000, 0x00000000d1380000, 0x00000000d5580000)
  object space 1330688K, 36% used [0x0000000080000000,0x000000009d6c96c0,0x00000000d1380000)
 Metaspace       used 84193K, committed 86080K, reserved 1179648K
  class space    used 8793K, committed 9664K, reserved 1048576K
}
Event: 992.072 GC heap before
{Heap before GC invocations=1594 (full 4):
 PSYoungGen      total 11776K, used 11488K [0x00000000d5580000, 0x00000000d6400000, 0x0000000100000000)
  eden space 11264K, 100% used [0x00000000d5580000,0x00000000d6080000,0x00000000d6080000)
  from space 512K, 43% used [0x00000000d6300000,0x00000000d6338000,0x00000000d6380000)
  to   space 512K, 0% used [0x00000000d6380000,0x00000000d6380000,0x00000000d6400000)
 ParOldGen       total 1330688K, used 482085K [0x0000000080000000, 0x00000000d1380000, 0x00000000d5580000)
  object space 1330688K, 36% used [0x0000000080000000,0x000000009d6c96c0,0x00000000d1380000)
 Metaspace       used 84196K, committed 86080K, reserved 1179648K
  class space    used 8793K, committed 9664K, reserved 1048576K
}
Event: 992.074 GC heap after
{Heap after GC invocations=1594 (full 4):
 PSYoungGen      total 11776K, used 506K [0x00000000d5580000, 0x00000000d6400000, 0x0000000100000000)
  eden space 11264K, 0% used [0x00000000d5580000,0x00000000d5580000,0x00000000d6080000)
  from space 512K, 98% used [0x00000000d6380000,0x00000000d63fe900,0x00000000d6400000)
  to   space 1024K, 0% used [0x00000000d6200000,0x00000000d6200000,0x00000000d6300000)
 ParOldGen       total 1330688K, used 482213K [0x0000000080000000, 0x00000000d1380000, 0x00000000d5580000)
  object space 1330688K, 36% used [0x0000000080000000,0x000000009d6e96c0,0x00000000d1380000)
 Metaspace       used 84196K, committed 86080K, reserved 1179648K
  class space    used 8793K, committed 9664K, reserved 1048576K
}
Event: 992.107 GC heap before
{Heap before GC invocations=1595 (full 4):
 PSYoungGen      total 11776K, used 11770K [0x00000000d5580000, 0x00000000d6400000, 0x0000000100000000)
  eden space 11264K, 100% used [0x00000000d5580000,0x00000000d6080000,0x00000000d6080000)
  from space 512K, 98% used [0x00000000d6380000,0x00000000d63fe900,0x00000000d6400000)
  to   space 1024K, 0% used [0x00000000d6200000,0x00000000d6200000,0x00000000d6300000)
 ParOldGen       total 1330688K, used 482213K [0x0000000080000000, 0x00000000d1380000, 0x00000000d5580000)
  object space 1330688K, 36% used [0x0000000080000000,0x000000009d6e96c0,0x00000000d1380000)
 Metaspace       used 84200K, committed 86080K, reserved 1179648K
  class space    used 8793K, committed 9664K, reserved 1048576K
}
Event: 992.109 GC heap after
{Heap after GC invocations=1595 (full 4):
 PSYoungGen      total 12288K, used 340K [0x00000000d5580000, 0x00000000d6400000, 0x0000000100000000)
  eden space 11264K, 0% used [0x00000000d5580000,0x00000000d5580000,0x00000000d6080000)
  from space 1024K, 33% used [0x00000000d6200000,0x00000000d6255200,0x00000000d6300000)
  to   space 512K, 0% used [0x00000000d6380000,0x00000000d6380000,0x00000000d6400000)
 ParOldGen       total 1330688K, used 482730K [0x0000000080000000, 0x00000000d1380000, 0x00000000d5580000)
  object space 1330688K, 36% used [0x0000000080000000,0x000000009d76a8c0,0x00000000d1380000)
 Metaspace       used 84200K, committed 86080K, reserved 1179648K
  class space    used 8793K, committed 9664K, reserved 1048576K
}
Event: 992.173 GC heap before
{Heap before GC invocations=1596 (full 4):
 PSYoungGen      total 12288K, used 11604K [0x00000000d5580000, 0x00000000d6400000, 0x0000000100000000)
  eden space 11264K, 100% used [0x00000000d5580000,0x00000000d6080000,0x00000000d6080000)
  from space 1024K, 33% used [0x00000000d6200000,0x00000000d6255200,0x00000000d6300000)
  to   space 512K, 0% used [0x00000000d6380000,0x00000000d6380000,0x00000000d6400000)
 ParOldGen       total 1330688K, used 482730K [0x0000000080000000, 0x00000000d1380000, 0x00000000d5580000)
  object space 1330688K, 36% used [0x0000000080000000,0x000000009d76a8c0,0x00000000d1380000)
 Metaspace       used 84206K, committed 86080K, reserved 1179648K
  class space    used 8793K, committed 9664K, reserved 1048576K
}
Event: 992.176 GC heap after
{Heap after GC invocations=1596 (full 4):
 PSYoungGen      total 11776K, used 308K [0x00000000d5580000, 0x00000000d6400000, 0x0000000100000000)
  eden space 11264K, 0% used [0x00000000d5580000,0x00000000d5580000,0x00000000d6080000)
  from space 512K, 60% used [0x00000000d6380000,0x00000000d63cd200,0x00000000d6400000)
  to   space 512K, 0% used [0x00000000d6300000,0x00000000d6300000,0x00000000d6380000)
 ParOldGen       total 1330688K, used 482802K [0x0000000080000000, 0x00000000d1380000, 0x00000000d5580000)
  object space 1330688K, 36% used [0x0000000080000000,0x000000009d77c8c0,0x00000000d1380000)
 Metaspace       used 84206K, committed 86080K, reserved 1179648K
  class space    used 8793K, committed 9664K, reserved 1048576K
}
Event: 992.212 GC heap before
{Heap before GC invocations=1597 (full 4):
 PSYoungGen      total 11776K, used 10320K [0x00000000d5580000, 0x00000000d6400000, 0x0000000100000000)
  eden space 11264K, 88% used [0x00000000d5580000,0x00000000d5f46e18,0x00000000d6080000)
  from space 512K, 60% used [0x00000000d6380000,0x00000000d63cd200,0x00000000d6400000)
  to   space 512K, 0% used [0x00000000d6300000,0x00000000d6300000,0x00000000d6380000)
 ParOldGen       total 1330688K, used 482802K [0x0000000080000000, 0x00000000d1380000, 0x00000000d5580000)
  object space 1330688K, 36% used [0x0000000080000000,0x000000009d77c8c0,0x00000000d1380000)
 Metaspace       used 84206K, committed 86080K, reserved 1179648K
  class space    used 8793K, committed 9664K, reserved 1048576K
}
Event: 992.215 GC heap after
{Heap after GC invocations=1597 (full 4):
 PSYoungGen      total 11776K, used 192K [0x00000000d5580000, 0x00000000d6400000, 0x0000000100000000)
  eden space 11264K, 0% used [0x00000000d5580000,0x00000000d5580000,0x00000000d6080000)
  from space 512K, 37% used [0x00000000d6300000,0x00000000d6330000,0x00000000d6380000)
  to   space 512K, 0% used [0x00000000d6380000,0x00000000d6380000,0x00000000d6400000)
 ParOldGen       total 1330688K, used 482850K [0x0000000080000000, 0x00000000d1380000, 0x00000000d5580000)
  object space 1330688K, 36% used [0x0000000080000000,0x000000009d7888c0,0x00000000d1380000)
 Metaspace       used 84206K, committed 86080K, reserved 1179648K
  class space    used 8793K, committed 9664K, reserved 1048576K
}
Event: 992.274 GC heap before
{Heap before GC invocations=1598 (full 4):
 PSYoungGen      total 11776K, used 11456K [0x00000000d5580000, 0x00000000d6400000, 0x0000000100000000)
  eden space 11264K, 100% used [0x00000000d5580000,0x00000000d6080000,0x00000000d6080000)
  from space 512K, 37% used [0x00000000d6300000,0x00000000d6330000,0x00000000d6380000)
  to   space 512K, 0% used [0x00000000d6380000,0x00000000d6380000,0x00000000d6400000)
 ParOldGen       total 1330688K, used 482850K [0x0000000080000000, 0x00000000d1380000, 0x00000000d5580000)
  object space 1330688K, 36% used [0x0000000080000000,0x000000009d7888c0,0x00000000d1380000)
 Metaspace       used 84208K, committed 86080K, reserved 1179648K
  class space    used 8793K, committed 9664K, reserved 1048576K
}
Event: 992.276 GC heap after
{Heap after GC invocations=1598 (full 4):
 PSYoungGen      total 11776K, used 282K [0x00000000d5580000, 0x00000000d6400000, 0x0000000100000000)
  eden space 11264K, 0% used [0x00000000d5580000,0x00000000d5580000,0x00000000d6080000)
  from space 512K, 55% used [0x00000000d6380000,0x00000000d63c6900,0x00000000d6400000)
  to   space 512K, 0% used [0x00000000d6300000,0x00000000d6300000,0x00000000d6380000)
 ParOldGen       total 1330688K, used 482922K [0x0000000080000000, 0x00000000d1380000, 0x00000000d5580000)
  object space 1330688K, 36% used [0x0000000080000000,0x000000009d79a8c0,0x00000000d1380000)
 Metaspace       used 84208K, committed 86080K, reserved 1179648K
  class space    used 8793K, committed 9664K, reserved 1048576K
}
Event: 995.859 GC heap before
{Heap before GC invocations=1599 (full 4):
 PSYoungGen      total 11776K, used 11546K [0x00000000d5580000, 0x00000000d6400000, 0x0000000100000000)
  eden space 11264K, 100% used [0x00000000d5580000,0x00000000d6080000,0x00000000d6080000)
  from space 512K, 55% used [0x00000000d6380000,0x00000000d63c6900,0x00000000d6400000)
  to   space 512K, 0% used [0x00000000d6300000,0x00000000d6300000,0x00000000d6380000)
 ParOldGen       total 1330688K, used 482922K [0x0000000080000000, 0x00000000d1380000, 0x00000000d5580000)
  object space 1330688K, 36% used [0x0000000080000000,0x000000009d79a8c0,0x00000000d1380000)
 Metaspace       used 84388K, committed 86272K, reserved 1179648K
  class space    used 8812K, committed 9664K, reserved 1048576K
}
Event: 995.862 GC heap after
{Heap after GC invocations=1599 (full 4):
 PSYoungGen      total 11776K, used 282K [0x00000000d5580000, 0x00000000d6400000, 0x0000000100000000)
  eden space 11264K, 0% used [0x00000000d5580000,0x00000000d5580000,0x00000000d6080000)
  from space 512K, 55% used [0x00000000d6300000,0x00000000d6346900,0x00000000d6380000)
  to   space 512K, 0% used [0x00000000d6380000,0x00000000d6380000,0x00000000d6400000)
 ParOldGen       total 1330688K, used 482962K [0x0000000080000000, 0x00000000d1380000, 0x00000000d5580000)
  object space 1330688K, 36% used [0x0000000080000000,0x000000009d7a48c0,0x00000000d1380000)
 Metaspace       used 84388K, committed 86272K, reserved 1179648K
  class space    used 8812K, committed 9664K, reserved 1048576K
}

